This file contains any messages produced by compilers while
running configure, to aid debugging if configure makes a mistake.

It was created by atomicparsley configure 0.9.6, which was
generated by GNU Autoconf 2.69.  Invocation command line was

  $ ./configure 

## --------- ##
## Platform. ##
## --------- ##

hostname = codespaces-eba88b
uname -m = x86_64
uname -r = 5.4.0-1094-azure
uname -s = Linux
uname -v = #100~18.04.1-Ubuntu SMP Mon Oct 17 11:44:30 UTC 2022

/usr/bin/uname -p = x86_64
/bin/uname -X     = unknown

/bin/arch              = x86_64
/usr/bin/arch -k       = unknown
/usr/convex/getsysinfo = unknown
/usr/bin/hostinfo      = unknown
/bin/machine           = unknown
/usr/bin/oslevel       = unknown
/bin/universe          = unknown

PATH: /home/codespace/.local/bin
PATH: /home/codespace/.dotnet
PATH: /home/codespace/.nodejs/current/bin
PATH: /home/codespace/.php/current/bin
PATH: /home/codespace/.python/current/bin
PATH: /home/codespace/.java/current/bin
PATH: /home/codespace/.ruby/current/bin
PATH: /home/codespace/.local/bin
PATH: /usr/local/oryx
PATH: /usr/local/go/bin
PATH: /go/bin
PATH: /usr/local/sdkman/bin
PATH: /usr/local/sdkman/candidates/java/current/bin
PATH: /usr/local/sdkman/candidates/gradle/current/bin
PATH: /usr/local/sdkman/candidates/maven/current/bin
PATH: /usr/local/rvm/gems/default/bin
PATH: /usr/local/rvm/gems/default@global/bin
PATH: /usr/local/rvm/rubies/default/bin
PATH: /usr/local/share/rbenv/bin
PATH: /opt/conda/bin
PATH: /usr/local/php/current/bin
PATH: /usr/local/python/current/bin
PATH: /usr/local/py-utils/bin
PATH: /usr/local/nvs
PATH: /usr/local/share/nvm/current/bin
PATH: /usr/local/hugo/bin
PATH: /usr/local/dotnet/current
PATH: /usr/local/sbin
PATH: /usr/local/bin
PATH: /usr/sbin
PATH: /usr/bin
PATH: /sbin
PATH: /bin
PATH: /usr/local/rvm/bin


## ----------- ##
## Core tests. ##
## ----------- ##

configure:2534: checking for a BSD-compatible install
configure:2602: result: /usr/bin/install -c
configure:2613: checking whether build environment is sane
configure:2668: result: yes
configure:2817: checking for a thread-safe mkdir -p
configure:2856: result: /usr/bin/mkdir -p
configure:2863: checking for gawk
configure:2879: found /usr/bin/gawk
configure:2890: result: gawk
configure:2901: checking whether make sets $(MAKE)
configure:2923: result: yes
configure:2952: checking whether make supports nested variables
configure:2969: result: yes
configure:3100: checking build system type
configure:3114: result: x86_64-pc-linux-gnu
configure:3134: checking host system type
configure:3147: result: x86_64-pc-linux-gnu
configure:3267: checking for gcc
configure:3283: found /usr/bin/gcc
configure:3294: result: gcc
configure:3523: checking for C compiler version
configure:3532: gcc --version >&5
gcc (Ubuntu 9.4.0-1ubuntu1~20.04.1) 9.4.0
Copyright (C) 2019 Free Software Foundation, Inc.
This is free software; see the source for copying conditions.  There is NO
warranty; not even for MERCHANTABILITY or FITNESS FOR A PARTICULAR PURPOSE.

configure:3543: $? = 0
configure:3532: gcc -v >&5
Using built-in specs.
COLLECT_GCC=gcc
COLLECT_LTO_WRAPPER=/usr/lib/gcc/x86_64-linux-gnu/9/lto-wrapper
OFFLOAD_TARGET_NAMES=nvptx-none:hsa
OFFLOAD_TARGET_DEFAULT=1
Target: x86_64-linux-gnu
Configured with: ../src/configure -v --with-pkgversion='Ubuntu 9.4.0-1ubuntu1~20.04.1' --with-bugurl=file:///usr/share/doc/gcc-9/README.Bugs --enable-languages=c,ada,c++,go,brig,d,fortran,objc,obj-c++,gm2 --prefix=/usr --with-gcc-major-version-only --program-suffix=-9 --program-prefix=x86_64-linux-gnu- --enable-shared --enable-linker-build-id --libexecdir=/usr/lib --without-included-gettext --enable-threads=posix --libdir=/usr/lib --enable-nls --enable-clocale=gnu --enable-libstdcxx-debug --enable-libstdcxx-time=yes --with-default-libstdcxx-abi=new --enable-gnu-unique-object --disable-vtable-verify --enable-plugin --enable-default-pie --with-system-zlib --with-target-system-zlib=auto --enable-objc-gc=auto --enable-multiarch --disable-werror --with-arch-32=i686 --with-abi=m64 --with-multilib-list=m32,m64,mx32 --enable-multilib --with-tune=generic --enable-offload-targets=nvptx-none=/build/gcc-9-Av3uEd/gcc-9-9.4.0/debian/tmp-nvptx/usr,hsa --without-cuda-driver --enable-checking=release --build=x86_64-linux-gnu --host=x86_64-linux-gnu --target=x86_64-linux-gnu
Thread model: posix
gcc version 9.4.0 (Ubuntu 9.4.0-1ubuntu1~20.04.1) 
configure:3543: $? = 0
configure:3532: gcc -V >&5
gcc: error: unrecognized command line option '-V'
gcc: fatal error: no input files
compilation terminated.
configure:3543: $? = 1
configure:3532: gcc -qversion >&5
gcc: error: unrecognized command line option '-qversion'; did you mean '--version'?
gcc: fatal error: no input files
compilation terminated.
configure:3543: $? = 1
configure:3563: checking whether the C compiler works
configure:3585: gcc    conftest.c  >&5
configure:3589: $? = 0
configure:3637: result: yes
configure:3640: checking for C compiler default output file name
configure:3642: result: a.out
configure:3648: checking for suffix of executables
configure:3655: gcc -o conftest    conftest.c  >&5
configure:3659: $? = 0
configure:3681: result: 
configure:3703: checking whether we are cross compiling
configure:3711: gcc -o conftest    conftest.c  >&5
configure:3715: $? = 0
configure:3722: ./conftest
configure:3726: $? = 0
configure:3714: result: no
configure:3719: checking for suffix of object files
configure:3741: gcc -c   conftest.c >&5
configure:3745: $? = 0
configure:3766: result: o
configure:3770: checking whether we are using the GNU C compiler
configure:3789: gcc -c   conftest.c >&5
configure:3789: $? = 0
configure:3798: result: yes
configure:3807: checking whether gcc accepts -g
configure:3827: gcc -c -g  conftest.c >&5
configure:3827: $? = 0
configure:3868: result: yes
configure:3885: checking for gcc option to accept ISO C89
configure:3948: gcc  -c -g -O2  conftest.c >&5
configure:3948: $? = 0
configure:3961: result: none needed
configure:3986: checking whether gcc understands -c and -o together
configure:4008: gcc -c conftest.c -o conftest2.o
configure:4011: $? = 0
configure:4008: gcc -c conftest.c -o conftest2.o
configure:4011: $? = 0
configure:4023: result: yes
configure:4099: checking for g++
configure:4115: found /usr/bin/g++
configure:4126: result: g++
configure:4153: checking for C++ compiler version
configure:4162: g++ --version >&5
g++ (Ubuntu 9.4.0-1ubuntu1~20.04.1) 9.4.0
Copyright (C) 2019 Free Software Foundation, Inc.
This is free software; see the source for copying conditions.  There is NO
warranty; not even for MERCHANTABILITY or FITNESS FOR A PARTICULAR PURPOSE.

configure:4173: $? = 0
configure:4162: g++ -v >&5
Using built-in specs.
COLLECT_GCC=g++
COLLECT_LTO_WRAPPER=/usr/lib/gcc/x86_64-linux-gnu/9/lto-wrapper
OFFLOAD_TARGET_NAMES=nvptx-none:hsa
OFFLOAD_TARGET_DEFAULT=1
Target: x86_64-linux-gnu
Configured with: ../src/configure -v --with-pkgversion='Ubuntu 9.4.0-1ubuntu1~20.04.1' --with-bugurl=file:///usr/share/doc/gcc-9/README.Bugs --enable-languages=c,ada,c++,go,brig,d,fortran,objc,obj-c++,gm2 --prefix=/usr --with-gcc-major-version-only --program-suffix=-9 --program-prefix=x86_64-linux-gnu- --enable-shared --enable-linker-build-id --libexecdir=/usr/lib --without-included-gettext --enable-threads=posix --libdir=/usr/lib --enable-nls --enable-clocale=gnu --enable-libstdcxx-debug --enable-libstdcxx-time=yes --with-default-libstdcxx-abi=new --enable-gnu-unique-object --disable-vtable-verify --enable-plugin --enable-default-pie --with-system-zlib --with-target-system-zlib=auto --enable-objc-gc=auto --enable-multiarch --disable-werror --with-arch-32=i686 --with-abi=m64 --with-multilib-list=m32,m64,mx32 --enable-multilib --with-tune=generic --enable-offload-targets=nvptx-none=/build/gcc-9-Av3uEd/gcc-9-9.4.0/debian/tmp-nvptx/usr,hsa --without-cuda-driver --enable-checking=release --build=x86_64-linux-gnu --host=x86_64-linux-gnu --target=x86_64-linux-gnu
Thread model: posix
gcc version 9.4.0 (Ubuntu 9.4.0-1ubuntu1~20.04.1) 
configure:4173: $? = 0
configure:4162: g++ -V >&5
g++: error: unrecognized command line option '-V'
g++: fatal error: no input files
compilation terminated.
configure:4173: $? = 1
configure:4162: g++ -qversion >&5
g++: error: unrecognized command line option '-qversion'; did you mean '--version'?
g++: fatal error: no input files
compilation terminated.
configure:4173: $? = 1
configure:4177: checking whether we are using the GNU C++ compiler
configure:4196: g++ -c   conftest.cpp >&5
configure:4196: $? = 0
configure:4205: result: yes
configure:4214: checking whether g++ accepts -g
configure:4234: g++ -c -g  conftest.cpp >&5
configure:4234: $? = 0
configure:4275: result: yes
configure:4356: checking for gcc
configure:4372: found /usr/bin/gcc
configure:4383: result: gcc
configure:4408: checking for Objective C compiler version
configure:4417: gcc --version >&5
gcc (Ubuntu 9.4.0-1ubuntu1~20.04.1) 9.4.0
Copyright (C) 2019 Free Software Foundation, Inc.
This is free software; see the source for copying conditions.  There is NO
warranty; not even for MERCHANTABILITY or FITNESS FOR A PARTICULAR PURPOSE.

configure:4428: $? = 0
configure:4417: gcc -v >&5
Using built-in specs.
COLLECT_GCC=gcc
COLLECT_LTO_WRAPPER=/usr/lib/gcc/x86_64-linux-gnu/9/lto-wrapper
OFFLOAD_TARGET_NAMES=nvptx-none:hsa
OFFLOAD_TARGET_DEFAULT=1
Target: x86_64-linux-gnu
Configured with: ../src/configure -v --with-pkgversion='Ubuntu 9.4.0-1ubuntu1~20.04.1' --with-bugurl=file:///usr/share/doc/gcc-9/README.Bugs --enable-languages=c,ada,c++,go,brig,d,fortran,objc,obj-c++,gm2 --prefix=/usr --with-gcc-major-version-only --program-suffix=-9 --program-prefix=x86_64-linux-gnu- --enable-shared --enable-linker-build-id --libexecdir=/usr/lib --without-included-gettext --enable-threads=posix --libdir=/usr/lib --enable-nls --enable-clocale=gnu --enable-libstdcxx-debug --enable-libstdcxx-time=yes --with-default-libstdcxx-abi=new --enable-gnu-unique-object --disable-vtable-verify --enable-plugin --enable-default-pie --with-system-zlib --with-target-system-zlib=auto --enable-objc-gc=auto --enable-multiarch --disable-werror --with-arch-32=i686 --with-abi=m64 --with-multilib-list=m32,m64,mx32 --enable-multilib --with-tune=generic --enable-offload-targets=nvptx-none=/build/gcc-9-Av3uEd/gcc-9-9.4.0/debian/tmp-nvptx/usr,hsa --without-cuda-driver --enable-checking=release --build=x86_64-linux-gnu --host=x86_64-linux-gnu --target=x86_64-linux-gnu
Thread model: posix
gcc version 9.4.0 (Ubuntu 9.4.0-1ubuntu1~20.04.1) 
configure:4428: $? = 0
configure:4417: gcc -V >&5
gcc: error: unrecognized command line option '-V'
gcc: fatal error: no input files
compilation terminated.
configure:4428: $? = 1
configure:4417: gcc -qversion >&5
gcc: error: unrecognized command line option '-qversion'; did you mean '--version'?
gcc: fatal error: no input files
compilation terminated.
configure:4428: $? = 1
configure:4432: checking whether we are using the GNU Objective C compiler
configure:4451: gcc -c   conftest.m >&5
gcc: fatal error: cannot execute 'cc1obj': execvp: No such file or directory
compilation terminated.
configure:4451: $? = 1
configure: failed program was:
| /* confdefs.h */
| #define PACKAGE_NAME "atomicparsley"
| #define PACKAGE_TARNAME "atomicparsley"
| #define PACKAGE_VERSION "0.9.6"
| #define PACKAGE_STRING "atomicparsley 0.9.6"
| #define PACKAGE_BUGREPORT "http://bitbucket.org/wez/atomicparsley/issues/new/"
| #define PACKAGE_URL ""
| #define PACKAGE "atomicparsley"
| #define VERSION "0.9.6"
| /* end confdefs.h.  */
| 
| int
| main ()
| {
| #ifndef __GNUC__
|        choke me
| #endif
| 
|   ;
|   return 0;
| }
configure:4460: result: no
configure:4469: checking whether gcc accepts -g
configure:4489: gcc -c -g  conftest.m >&5
gcc: fatal error: cannot execute 'cc1obj': execvp: No such file or directory
compilation terminated.
configure:4489: $? = 1
configure: failed program was:
| /* confdefs.h */
| #define PACKAGE_NAME "atomicparsley"
| #define PACKAGE_TARNAME "atomicparsley"
| #define PACKAGE_VERSION "0.9.6"
| #define PACKAGE_STRING "atomicparsley 0.9.6"
| #define PACKAGE_BUGREPORT "http://bitbucket.org/wez/atomicparsley/issues/new/"
| #define PACKAGE_URL ""
| #define PACKAGE "atomicparsley"
| #define VERSION "0.9.6"
| /* end confdefs.h.  */
| 
| int
| main ()
| {
| 
|   ;
|   return 0;
| }
configure:4504: gcc -c   conftest.m >&5
gcc: fatal error: cannot execute 'cc1obj': execvp: No such file or directory
compilation terminated.
configure:4504: $? = 1
configure: failed program was:
| /* confdefs.h */
| #define PACKAGE_NAME "atomicparsley"
| #define PACKAGE_TARNAME "atomicparsley"
| #define PACKAGE_VERSION "0.9.6"
| #define PACKAGE_STRING "atomicparsley 0.9.6"
| #define PACKAGE_BUGREPORT "http://bitbucket.org/wez/atomicparsley/issues/new/"
| #define PACKAGE_URL ""
| #define PACKAGE "atomicparsley"
| #define VERSION "0.9.6"
| /* end confdefs.h.  */
| 
| int
| main ()
| {
| 
|   ;
|   return 0;
| }
configure:4520: gcc -c -g  conftest.m >&5
gcc: fatal error: cannot execute 'cc1obj': execvp: No such file or directory
compilation terminated.
configure:4520: $? = 1
configure: failed program was:
| /* confdefs.h */
| #define PACKAGE_NAME "atomicparsley"
| #define PACKAGE_TARNAME "atomicparsley"
| #define PACKAGE_VERSION "0.9.6"
| #define PACKAGE_STRING "atomicparsley 0.9.6"
| #define PACKAGE_BUGREPORT "http://bitbucket.org/wez/atomicparsley/issues/new/"
| #define PACKAGE_URL ""
| #define PACKAGE "atomicparsley"
| #define VERSION "0.9.6"
| /* end confdefs.h.  */
| 
| int
| main ()
| {
| 
|   ;
|   return 0;
| }
configure:4530: result: no
configure:4613: checking for g++
configure:4629: found /usr/bin/g++
configure:4640: result: g++
configure:4665: checking for Objective C++ compiler version
configure:4674: g++ --version >&5
g++ (Ubuntu 9.4.0-1ubuntu1~20.04.1) 9.4.0
Copyright (C) 2019 Free Software Foundation, Inc.
This is free software; see the source for copying conditions.  There is NO
warranty; not even for MERCHANTABILITY or FITNESS FOR A PARTICULAR PURPOSE.

configure:4685: $? = 0
configure:4674: g++ -v >&5
Using built-in specs.
COLLECT_GCC=g++
COLLECT_LTO_WRAPPER=/usr/lib/gcc/x86_64-linux-gnu/9/lto-wrapper
OFFLOAD_TARGET_NAMES=nvptx-none:hsa
OFFLOAD_TARGET_DEFAULT=1
Target: x86_64-linux-gnu
Configured with: ../src/configure -v --with-pkgversion='Ubuntu 9.4.0-1ubuntu1~20.04.1' --with-bugurl=file:///usr/share/doc/gcc-9/README.Bugs --enable-languages=c,ada,c++,go,brig,d,fortran,objc,obj-c++,gm2 --prefix=/usr --with-gcc-major-version-only --program-suffix=-9 --program-prefix=x86_64-linux-gnu- --enable-shared --enable-linker-build-id --libexecdir=/usr/lib --without-included-gettext --enable-threads=posix --libdir=/usr/lib --enable-nls --enable-clocale=gnu --enable-libstdcxx-debug --enable-libstdcxx-time=yes --with-default-libstdcxx-abi=new --enable-gnu-unique-object --disable-vtable-verify --enable-plugin --enable-default-pie --with-system-zlib --with-target-system-zlib=auto --enable-objc-gc=auto --enable-multiarch --disable-werror --with-arch-32=i686 --with-abi=m64 --with-multilib-list=m32,m64,mx32 --enable-multilib --with-tune=generic --enable-offload-targets=nvptx-none=/build/gcc-9-Av3uEd/gcc-9-9.4.0/debian/tmp-nvptx/usr,hsa --without-cuda-driver --enable-checking=release --build=x86_64-linux-gnu --host=x86_64-linux-gnu --target=x86_64-linux-gnu
Thread model: posix
gcc version 9.4.0 (Ubuntu 9.4.0-1ubuntu1~20.04.1) 
configure:4685: $? = 0
configure:4674: g++ -V >&5
g++: error: unrecognized command line option '-V'
g++: fatal error: no input files
compilation terminated.
configure:4685: $? = 1
configure:4674: g++ -qversion >&5
g++: error: unrecognized command line option '-qversion'; did you mean '--version'?
g++: fatal error: no input files
compilation terminated.
configure:4685: $? = 1
configure:4689: checking whether we are using the GNU Objective C++ compiler
configure:4708: g++ -c   conftest.mm >&5
g++: fatal error: cannot execute 'cc1objplus': execvp: No such file or directory
compilation terminated.
configure:4708: $? = 1
configure: failed program was:
| /* confdefs.h */
| #define PACKAGE_NAME "atomicparsley"
| #define PACKAGE_TARNAME "atomicparsley"
| #define PACKAGE_VERSION "0.9.6"
| #define PACKAGE_STRING "atomicparsley 0.9.6"
| #define PACKAGE_BUGREPORT "http://bitbucket.org/wez/atomicparsley/issues/new/"
| #define PACKAGE_URL ""
| #define PACKAGE "atomicparsley"
| #define VERSION "0.9.6"
| /* end confdefs.h.  */
| 
| int
| main ()
| {
| #ifndef __GNUC__
|        choke me
| #endif
| 
|   ;
|   return 0;
| }
configure:4717: result: no
configure:4726: checking whether g++ accepts -g
configure:4746: g++ -c -g  conftest.mm >&5
g++: fatal error: cannot execute 'cc1objplus': execvp: No such file or directory
compilation terminated.
configure:4746: $? = 1
configure: failed program was:
| /* confdefs.h */
| #define PACKAGE_NAME "atomicparsley"
| #define PACKAGE_TARNAME "atomicparsley"
| #define PACKAGE_VERSION "0.9.6"
| #define PACKAGE_STRING "atomicparsley 0.9.6"
| #define PACKAGE_BUGREPORT "http://bitbucket.org/wez/atomicparsley/issues/new/"
| #define PACKAGE_URL ""
| #define PACKAGE "atomicparsley"
| #define VERSION "0.9.6"
| /* end confdefs.h.  */
| 
| int
| main ()
| {
| 
|   ;
|   return 0;
| }
configure:4761: g++ -c   conftest.mm >&5
g++: fatal error: cannot execute 'cc1objplus': execvp: No such file or directory
compilation terminated.
configure:4761: $? = 1
configure: failed program was:
| /* confdefs.h */
| #define PACKAGE_NAME "atomicparsley"
| #define PACKAGE_TARNAME "atomicparsley"
| #define PACKAGE_VERSION "0.9.6"
| #define PACKAGE_STRING "atomicparsley 0.9.6"
| #define PACKAGE_BUGREPORT "http://bitbucket.org/wez/atomicparsley/issues/new/"
| #define PACKAGE_URL ""
| #define PACKAGE "atomicparsley"
| #define VERSION "0.9.6"
| /* end confdefs.h.  */
| 
| int
| main ()
| {
| 
|   ;
|   return 0;
| }
configure:4777: g++ -c -g  conftest.mm >&5
g++: fatal error: cannot execute 'cc1objplus': execvp: No such file or directory
compilation terminated.
configure:4777: $? = 1
configure: failed program was:
| /* confdefs.h */
| #define PACKAGE_NAME "atomicparsley"
| #define PACKAGE_TARNAME "atomicparsley"
| #define PACKAGE_VERSION "0.9.6"
| #define PACKAGE_STRING "atomicparsley 0.9.6"
| #define PACKAGE_BUGREPORT "http://bitbucket.org/wez/atomicparsley/issues/new/"
| #define PACKAGE_URL ""
| #define PACKAGE "atomicparsley"
| #define VERSION "0.9.6"
| /* end confdefs.h.  */
| 
| int
| main ()
| {
| 
|   ;
|   return 0;
| }
configure:4787: result: no
configure:4817: checking how to run the C preprocessor
configure:4848: gcc -E  conftest.c
configure:4848: $? = 0
configure:4862: gcc -E  conftest.c
conftest.c:11:10: fatal error: ac_nonexistent.h: No such file or directory
   11 | #include <ac_nonexistent.h>
      |          ^~~~~~~~~~~~~~~~~~
compilation terminated.
configure:4862: $? = 1
configure: failed program was:
| /* confdefs.h */
| #define PACKAGE_NAME "atomicparsley"
| #define PACKAGE_TARNAME "atomicparsley"
| #define PACKAGE_VERSION "0.9.6"
| #define PACKAGE_STRING "atomicparsley 0.9.6"
| #define PACKAGE_BUGREPORT "http://bitbucket.org/wez/atomicparsley/issues/new/"
| #define PACKAGE_URL ""
| #define PACKAGE "atomicparsley"
| #define VERSION "0.9.6"
| /* end confdefs.h.  */
| #include <ac_nonexistent.h>
configure:4887: result: gcc -E
configure:4907: gcc -E  conftest.c
configure:4907: $? = 0
configure:4921: gcc -E  conftest.c
conftest.c:11:10: fatal error: ac_nonexistent.h: No such file or directory
   11 | #include <ac_nonexistent.h>
      |          ^~~~~~~~~~~~~~~~~~
compilation terminated.
configure:4921: $? = 1
configure: failed program was:
| /* confdefs.h */
| #define PACKAGE_NAME "atomicparsley"
| #define PACKAGE_TARNAME "atomicparsley"
| #define PACKAGE_VERSION "0.9.6"
| #define PACKAGE_STRING "atomicparsley 0.9.6"
| #define PACKAGE_BUGREPORT "http://bitbucket.org/wez/atomicparsley/issues/new/"
| #define PACKAGE_URL ""
| #define PACKAGE "atomicparsley"
| #define VERSION "0.9.6"
| /* end confdefs.h.  */
| #include <ac_nonexistent.h>
configure:4950: checking for grep that handles long lines and -e
configure:5008: result: /usr/bin/grep
configure:5013: checking for egrep
configure:5075: result: /usr/bin/grep -E
configure:5080: checking for ANSI C header files
configure:5100: gcc -c -g -O2 -Wall  conftest.c >&5
configure:5100: $? = 0
configure:5173: gcc -o conftest -g -O2 -Wall   conftest.c  >&5
configure:5173: $? = 0
configure:5173: ./conftest
configure:5173: $? = 0
configure:5184: result: yes
configure:5197: checking for sys/types.h
configure:5197: gcc -c -g -O2 -Wall  conftest.c >&5
configure:5197: $? = 0
configure:5197: result: yes
configure:5197: checking for sys/stat.h
configure:5197: gcc -c -g -O2 -Wall  conftest.c >&5
configure:5197: $? = 0
configure:5197: result: yes
configure:5197: checking for stdlib.h
configure:5197: gcc -c -g -O2 -Wall  conftest.c >&5
configure:5197: $? = 0
configure:5197: result: yes
configure:5197: checking for string.h
configure:5197: gcc -c -g -O2 -Wall  conftest.c >&5
configure:5197: $? = 0
configure:5197: result: yes
configure:5197: checking for memory.h
configure:5197: gcc -c -g -O2 -Wall  conftest.c >&5
configure:5197: $? = 0
configure:5197: result: yes
configure:5197: checking for strings.h
configure:5197: gcc -c -g -O2 -Wall  conftest.c >&5
configure:5197: $? = 0
configure:5197: result: yes
configure:5197: checking for inttypes.h
configure:5197: gcc -c -g -O2 -Wall  conftest.c >&5
configure:5197: $? = 0
configure:5197: result: yes
configure:5197: checking for stdint.h
configure:5197: gcc -c -g -O2 -Wall  conftest.c >&5
configure:5197: $? = 0
configure:5197: result: yes
configure:5197: checking for unistd.h
configure:5197: gcc -c -g -O2 -Wall  conftest.c >&5
configure:5197: $? = 0
configure:5197: result: yes
configure:5209: checking whether byte ordering is bigendian
configure:5224: gcc -c -g -O2 -Wall  conftest.c >&5
conftest.c:22:9: error: unknown type name 'not'
   22 |         not a universal capable compiler
      |         ^~~
conftest.c:22:15: error: expected '=', ',', ';', 'asm' or '__attribute__' before 'universal'
   22 |         not a universal capable compiler
      |               ^~~~~~~~~
conftest.c:22:15: error: unknown type name 'universal'
configure:5224: $? = 1
configure: failed program was:
| /* confdefs.h */
| #define PACKAGE_NAME "atomicparsley"
| #define PACKAGE_TARNAME "atomicparsley"
| #define PACKAGE_VERSION "0.9.6"
| #define PACKAGE_STRING "atomicparsley 0.9.6"
| #define PACKAGE_BUGREPORT "http://bitbucket.org/wez/atomicparsley/issues/new/"
| #define PACKAGE_URL ""
| #define PACKAGE "atomicparsley"
| #define VERSION "0.9.6"
| #define STDC_HEADERS 1
| #define HAVE_SYS_TYPES_H 1
| #define HAVE_SYS_STAT_H 1
| #define HAVE_STDLIB_H 1
| #define HAVE_STRING_H 1
| #define HAVE_MEMORY_H 1
| #define HAVE_STRINGS_H 1
| #define HAVE_INTTYPES_H 1
| #define HAVE_STDINT_H 1
| #define HAVE_UNISTD_H 1
| /* end confdefs.h.  */
| #ifndef __APPLE_CC__
| 	       not a universal capable compiler
| 	     #endif
| 	     typedef int dummy;
| 
configure:5269: gcc -c -g -O2 -Wall  conftest.c >&5
configure:5269: $? = 0
configure:5287: gcc -c -g -O2 -Wall  conftest.c >&5
conftest.c: In function 'main':
conftest.c:28:4: error: unknown type name 'not'; did you mean 'ino_t'?
   28 |    not big endian
      |    ^~~
      |    ino_t
conftest.c:28:12: error: expected '=', ',', ';', 'asm' or '__attribute__' before 'endian'
   28 |    not big endian
      |            ^~~~~~
configure:5287: $? = 1
configure: failed program was:
| /* confdefs.h */
| #define PACKAGE_NAME "atomicparsley"
| #define PACKAGE_TARNAME "atomicparsley"
| #define PACKAGE_VERSION "0.9.6"
| #define PACKAGE_STRING "atomicparsley 0.9.6"
| #define PACKAGE_BUGREPORT "http://bitbucket.org/wez/atomicparsley/issues/new/"
| #define PACKAGE_URL ""
| #define PACKAGE "atomicparsley"
| #define VERSION "0.9.6"
| #define STDC_HEADERS 1
| #define HAVE_SYS_TYPES_H 1
| #define HAVE_SYS_STAT_H 1
| #define HAVE_STDLIB_H 1
| #define HAVE_STRING_H 1
| #define HAVE_MEMORY_H 1
| #define HAVE_STRINGS_H 1
| #define HAVE_INTTYPES_H 1
| #define HAVE_STDINT_H 1
| #define HAVE_UNISTD_H 1
| /* end confdefs.h.  */
| #include <sys/types.h>
| 		#include <sys/param.h>
| 
| int
| main ()
| {
| #if BYTE_ORDER != BIG_ENDIAN
| 		 not big endian
| 		#endif
| 
|   ;
|   return 0;
| }
configure:5415: result: no
configure:5437: checking for dirent.h that defines DIR
configure:5456: gcc -c -g -O2 -Wall  conftest.c >&5
configure:5456: $? = 0
configure:5464: result: yes
configure:5477: checking for library containing opendir
configure:5508: gcc -o conftest -g -O2 -Wall   conftest.c  >&5
configure:5508: $? = 0
configure:5525: result: none required
configure:5592: checking for ANSI C header files
configure:5696: result: yes
configure:5704: checking for sys/wait.h that is POSIX.1 compatible
configure:5730: gcc -c -g -O2 -Wall  conftest.c >&5
configure:5730: $? = 0
configure:5737: result: yes
configure:5774: checking fcntl.h usability
configure:5774: gcc -c -g -O2 -Wall  conftest.c >&5
configure:5774: $? = 0
configure:5774: result: yes
configure:5774: checking fcntl.h presence
configure:5774: gcc -E  conftest.c
configure:5774: $? = 0
configure:5774: result: yes
configure:5774: checking for fcntl.h
configure:5774: result: yes
configure:5774: checking for inttypes.h
configure:5774: result: yes
configure:5774: checking io.h usability
configure:5774: gcc -c -g -O2 -Wall  conftest.c >&5
conftest.c:59:10: fatal error: io.h: No such file or directory
   59 | #include <io.h>
      |          ^~~~~~
compilation terminated.
configure:5774: $? = 1
configure: failed program was:
| /* confdefs.h */
| #define PACKAGE_NAME "atomicparsley"
| #define PACKAGE_TARNAME "atomicparsley"
| #define PACKAGE_VERSION "0.9.6"
| #define PACKAGE_STRING "atomicparsley 0.9.6"
| #define PACKAGE_BUGREPORT "http://bitbucket.org/wez/atomicparsley/issues/new/"
| #define PACKAGE_URL ""
| #define PACKAGE "atomicparsley"
| #define VERSION "0.9.6"
| #define STDC_HEADERS 1
| #define HAVE_SYS_TYPES_H 1
| #define HAVE_SYS_STAT_H 1
| #define HAVE_STDLIB_H 1
| #define HAVE_STRING_H 1
| #define HAVE_MEMORY_H 1
| #define HAVE_STRINGS_H 1
| #define HAVE_INTTYPES_H 1
| #define HAVE_STDINT_H 1
| #define HAVE_UNISTD_H 1
| #define HAVE_DIRENT_H 1
| #define STDC_HEADERS 1
| #define HAVE_SYS_WAIT_H 1
| #define HAVE_FCNTL_H 1
| #define HAVE_INTTYPES_H 1
| /* end confdefs.h.  */
| #include <stdio.h>
| #ifdef HAVE_SYS_TYPES_H
| # include <sys/types.h>
| #endif
| #ifdef HAVE_SYS_STAT_H
| # include <sys/stat.h>
| #endif
| #ifdef STDC_HEADERS
| # include <stdlib.h>
| # include <stddef.h>
| #else
| # ifdef HAVE_STDLIB_H
| #  include <stdlib.h>
| # endif
| #endif
| #ifdef HAVE_STRING_H
| # if !defined STDC_HEADERS && defined HAVE_MEMORY_H
| #  include <memory.h>
| # endif
| # include <string.h>
| #endif
| #ifdef HAVE_STRINGS_H
| # include <strings.h>
| #endif
| #ifdef HAVE_INTTYPES_H
| # include <inttypes.h>
| #endif
| #ifdef HAVE_STDINT_H
| # include <stdint.h>
| #endif
| #ifdef HAVE_UNISTD_H
| # include <unistd.h>
| #endif
| #include <io.h>
configure:5774: result: no
configure:5774: checking io.h presence
configure:5774: gcc -E  conftest.c
conftest.c:26:10: fatal error: io.h: No such file or directory
   26 | #include <io.h>
      |          ^~~~~~
compilation terminated.
configure:5774: $? = 1
configure: failed program was:
| /* confdefs.h */
| #define PACKAGE_NAME "atomicparsley"
| #define PACKAGE_TARNAME "atomicparsley"
| #define PACKAGE_VERSION "0.9.6"
| #define PACKAGE_STRING "atomicparsley 0.9.6"
| #define PACKAGE_BUGREPORT "http://bitbucket.org/wez/atomicparsley/issues/new/"
| #define PACKAGE_URL ""
| #define PACKAGE "atomicparsley"
| #define VERSION "0.9.6"
| #define STDC_HEADERS 1
| #define HAVE_SYS_TYPES_H 1
| #define HAVE_SYS_STAT_H 1
| #define HAVE_STDLIB_H 1
| #define HAVE_STRING_H 1
| #define HAVE_MEMORY_H 1
| #define HAVE_STRINGS_H 1
| #define HAVE_INTTYPES_H 1
| #define HAVE_STDINT_H 1
| #define HAVE_UNISTD_H 1
| #define HAVE_DIRENT_H 1
| #define STDC_HEADERS 1
| #define HAVE_SYS_WAIT_H 1
| #define HAVE_FCNTL_H 1
| #define HAVE_INTTYPES_H 1
| /* end confdefs.h.  */
| #include <io.h>
configure:5774: result: no
configure:5774: checking for io.h
configure:5774: result: no
configure:5774: checking getopt.h usability
configure:5774: gcc -c -g -O2 -Wall  conftest.c >&5
configure:5774: $? = 0
configure:5774: result: yes
configure:5774: checking getopt.h presence
configure:5774: gcc -E  conftest.c
configure:5774: $? = 0
configure:5774: result: yes
configure:5774: checking for getopt.h
configure:5774: result: yes
configure:5774: checking linux/cdrom.h usability
configure:5774: gcc -c -g -O2 -Wall  conftest.c >&5
configure:5774: $? = 0
configure:5774: result: yes
configure:5774: checking linux/cdrom.h presence
configure:5774: gcc -E  conftest.c
configure:5774: $? = 0
configure:5774: result: yes
configure:5774: checking for linux/cdrom.h
configure:5774: result: yes
configure:5774: checking math.h usability
configure:5774: gcc -c -g -O2 -Wall  conftest.c >&5
configure:5774: $? = 0
configure:5774: result: yes
configure:5774: checking math.h presence
configure:5774: gcc -E  conftest.c
configure:5774: $? = 0
configure:5774: result: yes
configure:5774: checking for math.h
configure:5774: result: yes
configure:5774: checking signal.h usability
configure:5774: gcc -c -g -O2 -Wall  conftest.c >&5
configure:5774: $? = 0
configure:5774: result: yes
configure:5774: checking signal.h presence
configure:5774: gcc -E  conftest.c
configure:5774: $? = 0
configure:5774: result: yes
configure:5774: checking for signal.h
configure:5774: result: yes
configure:5774: checking stddef.h usability
configure:5774: gcc -c -g -O2 -Wall  conftest.c >&5
configure:5774: $? = 0
configure:5774: result: yes
configure:5774: checking stddef.h presence
configure:5774: gcc -E  conftest.c
configure:5774: $? = 0
configure:5774: result: yes
configure:5774: checking for stddef.h
configure:5774: result: yes
configure:5774: checking for stdint.h
configure:5774: result: yes
configure:5774: checking stdio.h usability
configure:5774: gcc -c -g -O2 -Wall  conftest.c >&5
configure:5774: $? = 0
configure:5774: result: yes
configure:5774: checking stdio.h presence
configure:5774: gcc -E  conftest.c
configure:5774: $? = 0
configure:5774: result: yes
configure:5774: checking for stdio.h
configure:5774: result: yes
configure:5774: checking for stdlib.h
configure:5774: result: yes
configure:5774: checking for string.h
configure:5774: result: yes
configure:5774: checking sys/ioctl.h usability
configure:5774: gcc -c -g -O2 -Wall  conftest.c >&5
configure:5774: $? = 0
configure:5774: result: yes
configure:5774: checking sys/ioctl.h presence
configure:5774: gcc -E  conftest.c
configure:5774: $? = 0
configure:5774: result: yes
configure:5774: checking for sys/ioctl.h
configure:5774: result: yes
configure:5774: checking sys/param.h usability
configure:5774: gcc -c -g -O2 -Wall  conftest.c >&5
configure:5774: $? = 0
configure:5774: result: yes
configure:5774: checking sys/param.h presence
configure:5774: gcc -E  conftest.c
configure:5774: $? = 0
configure:5774: result: yes
configure:5774: checking for sys/param.h
configure:5774: result: yes
configure:5774: checking sys/mount.h usability
configure:5774: gcc -c -g -O2 -Wall  conftest.c >&5
configure:5774: $? = 0
configure:5774: result: yes
configure:5774: checking sys/mount.h presence
configure:5774: gcc -E  conftest.c
configure:5774: $? = 0
configure:5774: result: yes
configure:5774: checking for sys/mount.h
configure:5774: result: yes
configure:5774: checking for sys/stat.h
configure:5774: result: yes
configure:5774: checking for sys/types.h
configure:5774: result: yes
configure:5774: checking sys/time.h usability
configure:5774: gcc -c -g -O2 -Wall  conftest.c >&5
configure:5774: $? = 0
configure:5774: result: yes
configure:5774: checking sys/time.h presence
configure:5774: gcc -E  conftest.c
configure:5774: $? = 0
configure:5774: result: yes
configure:5774: checking for sys/time.h
configure:5774: result: yes
configure:5774: checking time.h usability
configure:5774: gcc -c -g -O2 -Wall  conftest.c >&5
configure:5774: $? = 0
configure:5774: result: yes
configure:5774: checking time.h presence
configure:5774: gcc -E  conftest.c
configure:5774: $? = 0
configure:5774: result: yes
configure:5774: checking for time.h
configure:5774: result: yes
configure:5774: checking errno.h usability
configure:5774: gcc -c -g -O2 -Wall  conftest.c >&5
configure:5774: $? = 0
configure:5774: result: yes
configure:5774: checking errno.h presence
configure:5774: gcc -E  conftest.c
configure:5774: $? = 0
configure:5774: result: yes
configure:5774: checking for errno.h
configure:5774: result: yes
configure:5774: checking zlib.h usability
configure:5774: gcc -c -g -O2 -Wall  conftest.c >&5
configure:5774: $? = 0
configure:5774: result: yes
configure:5774: checking zlib.h presence
configure:5774: gcc -E  conftest.c
configure:5774: $? = 0
configure:5774: result: yes
configure:5774: checking for zlib.h
configure:5774: result: yes
configure:5774: checking for linux/cdrom.h
configure:5774: result: yes
configure:5774: checking for unistd.h
configure:5774: result: yes
configure:5774: checking wchar.h usability
configure:5774: gcc -c -g -O2 -Wall  conftest.c >&5
configure:5774: $? = 0
configure:5774: result: yes
configure:5774: checking wchar.h presence
configure:5774: gcc -E  conftest.c
configure:5774: $? = 0
configure:5774: result: yes
configure:5774: checking for wchar.h
configure:5774: result: yes
configure:5774: checking windows.h usability
configure:5774: gcc -c -g -O2 -Wall  conftest.c >&5
conftest.c:80:10: fatal error: windows.h: No such file or directory
   80 | #include <windows.h>
      |          ^~~~~~~~~~~
compilation terminated.
configure:5774: $? = 1
configure: failed program was:
| /* confdefs.h */
| #define PACKAGE_NAME "atomicparsley"
| #define PACKAGE_TARNAME "atomicparsley"
| #define PACKAGE_VERSION "0.9.6"
| #define PACKAGE_STRING "atomicparsley 0.9.6"
| #define PACKAGE_BUGREPORT "http://bitbucket.org/wez/atomicparsley/issues/new/"
| #define PACKAGE_URL ""
| #define PACKAGE "atomicparsley"
| #define VERSION "0.9.6"
| #define STDC_HEADERS 1
| #define HAVE_SYS_TYPES_H 1
| #define HAVE_SYS_STAT_H 1
| #define HAVE_STDLIB_H 1
| #define HAVE_STRING_H 1
| #define HAVE_MEMORY_H 1
| #define HAVE_STRINGS_H 1
| #define HAVE_INTTYPES_H 1
| #define HAVE_STDINT_H 1
| #define HAVE_UNISTD_H 1
| #define HAVE_DIRENT_H 1
| #define STDC_HEADERS 1
| #define HAVE_SYS_WAIT_H 1
| #define HAVE_FCNTL_H 1
| #define HAVE_INTTYPES_H 1
| #define HAVE_GETOPT_H 1
| #define HAVE_LINUX_CDROM_H 1
| #define HAVE_MATH_H 1
| #define HAVE_SIGNAL_H 1
| #define HAVE_STDDEF_H 1
| #define HAVE_STDINT_H 1
| #define HAVE_STDIO_H 1
| #define HAVE_STDLIB_H 1
| #define HAVE_STRING_H 1
| #define HAVE_SYS_IOCTL_H 1
| #define HAVE_SYS_PARAM_H 1
| #define HAVE_SYS_MOUNT_H 1
| #define HAVE_SYS_STAT_H 1
| #define HAVE_SYS_TYPES_H 1
| #define HAVE_SYS_TIME_H 1
| #define HAVE_TIME_H 1
| #define HAVE_ERRNO_H 1
| #define HAVE_ZLIB_H 1
| #define HAVE_LINUX_CDROM_H 1
| #define HAVE_UNISTD_H 1
| #define HAVE_WCHAR_H 1
| /* end confdefs.h.  */
| #include <stdio.h>
| #ifdef HAVE_SYS_TYPES_H
| # include <sys/types.h>
| #endif
| #ifdef HAVE_SYS_STAT_H
| # include <sys/stat.h>
| #endif
| #ifdef STDC_HEADERS
| # include <stdlib.h>
| # include <stddef.h>
| #else
| # ifdef HAVE_STDLIB_H
| #  include <stdlib.h>
| # endif
| #endif
| #ifdef HAVE_STRING_H
| # if !defined STDC_HEADERS && defined HAVE_MEMORY_H
| #  include <memory.h>
| # endif
| # include <string.h>
| #endif
| #ifdef HAVE_STRINGS_H
| # include <strings.h>
| #endif
| #ifdef HAVE_INTTYPES_H
| # include <inttypes.h>
| #endif
| #ifdef HAVE_STDINT_H
| # include <stdint.h>
| #endif
| #ifdef HAVE_UNISTD_H
| # include <unistd.h>
| #endif
| #include <windows.h>
configure:5774: result: no
configure:5774: checking windows.h presence
configure:5774: gcc -E  conftest.c
conftest.c:47:10: fatal error: windows.h: No such file or directory
   47 | #include <windows.h>
      |          ^~~~~~~~~~~
compilation terminated.
configure:5774: $? = 1
configure: failed program was:
| /* confdefs.h */
| #define PACKAGE_NAME "atomicparsley"
| #define PACKAGE_TARNAME "atomicparsley"
| #define PACKAGE_VERSION "0.9.6"
| #define PACKAGE_STRING "atomicparsley 0.9.6"
| #define PACKAGE_BUGREPORT "http://bitbucket.org/wez/atomicparsley/issues/new/"
| #define PACKAGE_URL ""
| #define PACKAGE "atomicparsley"
| #define VERSION "0.9.6"
| #define STDC_HEADERS 1
| #define HAVE_SYS_TYPES_H 1
| #define HAVE_SYS_STAT_H 1
| #define HAVE_STDLIB_H 1
| #define HAVE_STRING_H 1
| #define HAVE_MEMORY_H 1
| #define HAVE_STRINGS_H 1
| #define HAVE_INTTYPES_H 1
| #define HAVE_STDINT_H 1
| #define HAVE_UNISTD_H 1
| #define HAVE_DIRENT_H 1
| #define STDC_HEADERS 1
| #define HAVE_SYS_WAIT_H 1
| #define HAVE_FCNTL_H 1
| #define HAVE_INTTYPES_H 1
| #define HAVE_GETOPT_H 1
| #define HAVE_LINUX_CDROM_H 1
| #define HAVE_MATH_H 1
| #define HAVE_SIGNAL_H 1
| #define HAVE_STDDEF_H 1
| #define HAVE_STDINT_H 1
| #define HAVE_STDIO_H 1
| #define HAVE_STDLIB_H 1
| #define HAVE_STRING_H 1
| #define HAVE_SYS_IOCTL_H 1
| #define HAVE_SYS_PARAM_H 1
| #define HAVE_SYS_MOUNT_H 1
| #define HAVE_SYS_STAT_H 1
| #define HAVE_SYS_TYPES_H 1
| #define HAVE_SYS_TIME_H 1
| #define HAVE_TIME_H 1
| #define HAVE_ERRNO_H 1
| #define HAVE_ZLIB_H 1
| #define HAVE_LINUX_CDROM_H 1
| #define HAVE_UNISTD_H 1
| #define HAVE_WCHAR_H 1
| /* end confdefs.h.  */
| #include <windows.h>
configure:5774: result: no
configure:5774: checking for windows.h
configure:5774: result: no
configure:5787: checking for getopt.h
configure:5787: result: yes
configure:5798: checking for an ANSI C-conforming const
configure:5864: gcc -c -g -O2 -Wall  conftest.c >&5
configure:5864: $? = 0
configure:5871: result: yes
configure:5879: checking for uint8_t
configure:5879: gcc -c -g -O2 -Wall  conftest.c >&5
configure:5879: $? = 0
configure:5879: result: yes
configure:5893: checking for uint16_t
configure:5893: gcc -c -g -O2 -Wall  conftest.c >&5
configure:5893: $? = 0
configure:5893: result: yes
configure:5905: checking for uint32_t
configure:5905: gcc -c -g -O2 -Wall  conftest.c >&5
configure:5905: $? = 0
configure:5905: result: yes
configure:5919: checking for uint64_t
configure:5919: gcc -c -g -O2 -Wall  conftest.c >&5
configure:5919: $? = 0
configure:5919: result: yes
configure:5934: checking for unsigned long long int
configure:5973: gcc -o conftest -g -O2 -Wall   conftest.c  >&5
configure:5973: $? = 0
configure:5982: result: yes
configure:5992: checking for uintmax_t
configure:5992: gcc -c -g -O2 -Wall  conftest.c >&5
configure:5992: $? = 0
configure:5992: gcc -c -g -O2 -Wall  conftest.c >&5
conftest.c: In function 'main':
conftest.c:85:24: error: expected expression before ')' token
   85 | if (sizeof ((uintmax_t)))
      |                        ^
configure:5992: $? = 1
configure: failed program was:
| /* confdefs.h */
| #define PACKAGE_NAME "atomicparsley"
| #define PACKAGE_TARNAME "atomicparsley"
| #define PACKAGE_VERSION "0.9.6"
| #define PACKAGE_STRING "atomicparsley 0.9.6"
| #define PACKAGE_BUGREPORT "http://bitbucket.org/wez/atomicparsley/issues/new/"
| #define PACKAGE_URL ""
| #define PACKAGE "atomicparsley"
| #define VERSION "0.9.6"
| #define STDC_HEADERS 1
| #define HAVE_SYS_TYPES_H 1
| #define HAVE_SYS_STAT_H 1
| #define HAVE_STDLIB_H 1
| #define HAVE_STRING_H 1
| #define HAVE_MEMORY_H 1
| #define HAVE_STRINGS_H 1
| #define HAVE_INTTYPES_H 1
| #define HAVE_STDINT_H 1
| #define HAVE_UNISTD_H 1
| #define HAVE_DIRENT_H 1
| #define STDC_HEADERS 1
| #define HAVE_SYS_WAIT_H 1
| #define HAVE_FCNTL_H 1
| #define HAVE_INTTYPES_H 1
| #define HAVE_GETOPT_H 1
| #define HAVE_LINUX_CDROM_H 1
| #define HAVE_MATH_H 1
| #define HAVE_SIGNAL_H 1
| #define HAVE_STDDEF_H 1
| #define HAVE_STDINT_H 1
| #define HAVE_STDIO_H 1
| #define HAVE_STDLIB_H 1
| #define HAVE_STRING_H 1
| #define HAVE_SYS_IOCTL_H 1
| #define HAVE_SYS_PARAM_H 1
| #define HAVE_SYS_MOUNT_H 1
| #define HAVE_SYS_STAT_H 1
| #define HAVE_SYS_TYPES_H 1
| #define HAVE_SYS_TIME_H 1
| #define HAVE_TIME_H 1
| #define HAVE_ERRNO_H 1
| #define HAVE_ZLIB_H 1
| #define HAVE_LINUX_CDROM_H 1
| #define HAVE_UNISTD_H 1
| #define HAVE_WCHAR_H 1
| #define HAVE_GETOPT_H 1
| #define HAVE_UNSIGNED_LONG_LONG_INT 1
| /* end confdefs.h.  */
| #include <stdio.h>
| #ifdef HAVE_SYS_TYPES_H
| # include <sys/types.h>
| #endif
| #ifdef HAVE_SYS_STAT_H
| # include <sys/stat.h>
| #endif
| #ifdef STDC_HEADERS
| # include <stdlib.h>
| # include <stddef.h>
| #else
| # ifdef HAVE_STDLIB_H
| #  include <stdlib.h>
| # endif
| #endif
| #ifdef HAVE_STRING_H
| # if !defined STDC_HEADERS && defined HAVE_MEMORY_H
| #  include <memory.h>
| # endif
| # include <string.h>
| #endif
| #ifdef HAVE_STRINGS_H
| # include <strings.h>
| #endif
| #ifdef HAVE_INTTYPES_H
| # include <inttypes.h>
| #endif
| #ifdef HAVE_STDINT_H
| # include <stdint.h>
| #endif
| #ifdef HAVE_UNISTD_H
| # include <unistd.h>
| #endif
| int
| main ()
| {
| if (sizeof ((uintmax_t)))
| 	    return 0;
|   ;
|   return 0;
| }
configure:5992: result: yes
configure:6010: checking for uintptr_t
configure:6010: gcc -c -g -O2 -Wall  conftest.c >&5
configure:6010: $? = 0
configure:6010: gcc -c -g -O2 -Wall  conftest.c >&5
conftest.c: In function 'main':
conftest.c:86:24: error: expected expression before ')' token
   86 | if (sizeof ((uintptr_t)))
      |                        ^
configure:6010: $? = 1
configure: failed program was:
| /* confdefs.h */
| #define PACKAGE_NAME "atomicparsley"
| #define PACKAGE_TARNAME "atomicparsley"
| #define PACKAGE_VERSION "0.9.6"
| #define PACKAGE_STRING "atomicparsley 0.9.6"
| #define PACKAGE_BUGREPORT "http://bitbucket.org/wez/atomicparsley/issues/new/"
| #define PACKAGE_URL ""
| #define PACKAGE "atomicparsley"
| #define VERSION "0.9.6"
| #define STDC_HEADERS 1
| #define HAVE_SYS_TYPES_H 1
| #define HAVE_SYS_STAT_H 1
| #define HAVE_STDLIB_H 1
| #define HAVE_STRING_H 1
| #define HAVE_MEMORY_H 1
| #define HAVE_STRINGS_H 1
| #define HAVE_INTTYPES_H 1
| #define HAVE_STDINT_H 1
| #define HAVE_UNISTD_H 1
| #define HAVE_DIRENT_H 1
| #define STDC_HEADERS 1
| #define HAVE_SYS_WAIT_H 1
| #define HAVE_FCNTL_H 1
| #define HAVE_INTTYPES_H 1
| #define HAVE_GETOPT_H 1
| #define HAVE_LINUX_CDROM_H 1
| #define HAVE_MATH_H 1
| #define HAVE_SIGNAL_H 1
| #define HAVE_STDDEF_H 1
| #define HAVE_STDINT_H 1
| #define HAVE_STDIO_H 1
| #define HAVE_STDLIB_H 1
| #define HAVE_STRING_H 1
| #define HAVE_SYS_IOCTL_H 1
| #define HAVE_SYS_PARAM_H 1
| #define HAVE_SYS_MOUNT_H 1
| #define HAVE_SYS_STAT_H 1
| #define HAVE_SYS_TYPES_H 1
| #define HAVE_SYS_TIME_H 1
| #define HAVE_TIME_H 1
| #define HAVE_ERRNO_H 1
| #define HAVE_ZLIB_H 1
| #define HAVE_LINUX_CDROM_H 1
| #define HAVE_UNISTD_H 1
| #define HAVE_WCHAR_H 1
| #define HAVE_GETOPT_H 1
| #define HAVE_UNSIGNED_LONG_LONG_INT 1
| #define HAVE_UINTMAX_T 1
| /* end confdefs.h.  */
| #include <stdio.h>
| #ifdef HAVE_SYS_TYPES_H
| # include <sys/types.h>
| #endif
| #ifdef HAVE_SYS_STAT_H
| # include <sys/stat.h>
| #endif
| #ifdef STDC_HEADERS
| # include <stdlib.h>
| # include <stddef.h>
| #else
| # ifdef HAVE_STDLIB_H
| #  include <stdlib.h>
| # endif
| #endif
| #ifdef HAVE_STRING_H
| # if !defined STDC_HEADERS && defined HAVE_MEMORY_H
| #  include <memory.h>
| # endif
| # include <string.h>
| #endif
| #ifdef HAVE_STRINGS_H
| # include <strings.h>
| #endif
| #ifdef HAVE_INTTYPES_H
| # include <inttypes.h>
| #endif
| #ifdef HAVE_STDINT_H
| # include <stdint.h>
| #endif
| #ifdef HAVE_UNISTD_H
| # include <unistd.h>
| #endif
| int
| main ()
| {
| if (sizeof ((uintptr_t)))
| 	    return 0;
|   ;
|   return 0;
| }
configure:6010: result: yes
configure:6046: checking for size_t
configure:6046: gcc -c -g -O2 -Wall  conftest.c >&5
configure:6046: $? = 0
configure:6046: gcc -c -g -O2 -Wall  conftest.c >&5
conftest.c: In function 'main':
conftest.c:87:21: error: expected expression before ')' token
   87 | if (sizeof ((size_t)))
      |                     ^
configure:6046: $? = 1
configure: failed program was:
| /* confdefs.h */
| #define PACKAGE_NAME "atomicparsley"
| #define PACKAGE_TARNAME "atomicparsley"
| #define PACKAGE_VERSION "0.9.6"
| #define PACKAGE_STRING "atomicparsley 0.9.6"
| #define PACKAGE_BUGREPORT "http://bitbucket.org/wez/atomicparsley/issues/new/"
| #define PACKAGE_URL ""
| #define PACKAGE "atomicparsley"
| #define VERSION "0.9.6"
| #define STDC_HEADERS 1
| #define HAVE_SYS_TYPES_H 1
| #define HAVE_SYS_STAT_H 1
| #define HAVE_STDLIB_H 1
| #define HAVE_STRING_H 1
| #define HAVE_MEMORY_H 1
| #define HAVE_STRINGS_H 1
| #define HAVE_INTTYPES_H 1
| #define HAVE_STDINT_H 1
| #define HAVE_UNISTD_H 1
| #define HAVE_DIRENT_H 1
| #define STDC_HEADERS 1
| #define HAVE_SYS_WAIT_H 1
| #define HAVE_FCNTL_H 1
| #define HAVE_INTTYPES_H 1
| #define HAVE_GETOPT_H 1
| #define HAVE_LINUX_CDROM_H 1
| #define HAVE_MATH_H 1
| #define HAVE_SIGNAL_H 1
| #define HAVE_STDDEF_H 1
| #define HAVE_STDINT_H 1
| #define HAVE_STDIO_H 1
| #define HAVE_STDLIB_H 1
| #define HAVE_STRING_H 1
| #define HAVE_SYS_IOCTL_H 1
| #define HAVE_SYS_PARAM_H 1
| #define HAVE_SYS_MOUNT_H 1
| #define HAVE_SYS_STAT_H 1
| #define HAVE_SYS_TYPES_H 1
| #define HAVE_SYS_TIME_H 1
| #define HAVE_TIME_H 1
| #define HAVE_ERRNO_H 1
| #define HAVE_ZLIB_H 1
| #define HAVE_LINUX_CDROM_H 1
| #define HAVE_UNISTD_H 1
| #define HAVE_WCHAR_H 1
| #define HAVE_GETOPT_H 1
| #define HAVE_UNSIGNED_LONG_LONG_INT 1
| #define HAVE_UINTMAX_T 1
| #define HAVE_UINTPTR_T 1
| /* end confdefs.h.  */
| #include <stdio.h>
| #ifdef HAVE_SYS_TYPES_H
| # include <sys/types.h>
| #endif
| #ifdef HAVE_SYS_STAT_H
| # include <sys/stat.h>
| #endif
| #ifdef STDC_HEADERS
| # include <stdlib.h>
| # include <stddef.h>
| #else
| # ifdef HAVE_STDLIB_H
| #  include <stdlib.h>
| # endif
| #endif
| #ifdef HAVE_STRING_H
| # if !defined STDC_HEADERS && defined HAVE_MEMORY_H
| #  include <memory.h>
| # endif
| # include <string.h>
| #endif
| #ifdef HAVE_STRINGS_H
| # include <strings.h>
| #endif
| #ifdef HAVE_INTTYPES_H
| # include <inttypes.h>
| #endif
| #ifdef HAVE_STDINT_H
| # include <stdint.h>
| #endif
| #ifdef HAVE_UNISTD_H
| # include <unistd.h>
| #endif
| int
| main ()
| {
| if (sizeof ((size_t)))
| 	    return 0;
|   ;
|   return 0;
| }
configure:6046: result: yes
configure:6057: checking for ssize_t
configure:6057: gcc -c -g -O2 -Wall  conftest.c >&5
configure:6057: $? = 0
configure:6057: gcc -c -g -O2 -Wall  conftest.c >&5
conftest.c: In function 'main':
conftest.c:87:22: error: expected expression before ')' token
   87 | if (sizeof ((ssize_t)))
      |                      ^
configure:6057: $? = 1
configure: failed program was:
| /* confdefs.h */
| #define PACKAGE_NAME "atomicparsley"
| #define PACKAGE_TARNAME "atomicparsley"
| #define PACKAGE_VERSION "0.9.6"
| #define PACKAGE_STRING "atomicparsley 0.9.6"
| #define PACKAGE_BUGREPORT "http://bitbucket.org/wez/atomicparsley/issues/new/"
| #define PACKAGE_URL ""
| #define PACKAGE "atomicparsley"
| #define VERSION "0.9.6"
| #define STDC_HEADERS 1
| #define HAVE_SYS_TYPES_H 1
| #define HAVE_SYS_STAT_H 1
| #define HAVE_STDLIB_H 1
| #define HAVE_STRING_H 1
| #define HAVE_MEMORY_H 1
| #define HAVE_STRINGS_H 1
| #define HAVE_INTTYPES_H 1
| #define HAVE_STDINT_H 1
| #define HAVE_UNISTD_H 1
| #define HAVE_DIRENT_H 1
| #define STDC_HEADERS 1
| #define HAVE_SYS_WAIT_H 1
| #define HAVE_FCNTL_H 1
| #define HAVE_INTTYPES_H 1
| #define HAVE_GETOPT_H 1
| #define HAVE_LINUX_CDROM_H 1
| #define HAVE_MATH_H 1
| #define HAVE_SIGNAL_H 1
| #define HAVE_STDDEF_H 1
| #define HAVE_STDINT_H 1
| #define HAVE_STDIO_H 1
| #define HAVE_STDLIB_H 1
| #define HAVE_STRING_H 1
| #define HAVE_SYS_IOCTL_H 1
| #define HAVE_SYS_PARAM_H 1
| #define HAVE_SYS_MOUNT_H 1
| #define HAVE_SYS_STAT_H 1
| #define HAVE_SYS_TYPES_H 1
| #define HAVE_SYS_TIME_H 1
| #define HAVE_TIME_H 1
| #define HAVE_ERRNO_H 1
| #define HAVE_ZLIB_H 1
| #define HAVE_LINUX_CDROM_H 1
| #define HAVE_UNISTD_H 1
| #define HAVE_WCHAR_H 1
| #define HAVE_GETOPT_H 1
| #define HAVE_UNSIGNED_LONG_LONG_INT 1
| #define HAVE_UINTMAX_T 1
| #define HAVE_UINTPTR_T 1
| /* end confdefs.h.  */
| #include <stdio.h>
| #ifdef HAVE_SYS_TYPES_H
| # include <sys/types.h>
| #endif
| #ifdef HAVE_SYS_STAT_H
| # include <sys/stat.h>
| #endif
| #ifdef STDC_HEADERS
| # include <stdlib.h>
| # include <stddef.h>
| #else
| # ifdef HAVE_STDLIB_H
| #  include <stdlib.h>
| # endif
| #endif
| #ifdef HAVE_STRING_H
| # if !defined STDC_HEADERS && defined HAVE_MEMORY_H
| #  include <memory.h>
| # endif
| # include <string.h>
| #endif
| #ifdef HAVE_STRINGS_H
| # include <strings.h>
| #endif
| #ifdef HAVE_INTTYPES_H
| # include <inttypes.h>
| #endif
| #ifdef HAVE_STDINT_H
| # include <stdint.h>
| #endif
| #ifdef HAVE_UNISTD_H
| # include <unistd.h>
| #endif
| int
| main ()
| {
| if (sizeof ((ssize_t)))
| 	    return 0;
|   ;
|   return 0;
| }
configure:6057: result: yes
configure:6068: checking for int16_t
configure:6068: gcc -c -g -O2 -Wall  conftest.c >&5
configure:6068: $? = 0
configure:6068: gcc -c -g -O2 -Wall  conftest.c >&5
conftest.c: In function 'main':
conftest.c:88:12: error: size of array 'test_array' is negative
   88 | static int test_array [1 - 2 * !((int16_t) (((((int16_t) 1 << N) << N) - 1) * 2 + 1)
      |            ^~~~~~~~~~
configure:6068: $? = 1
configure: failed program was:
| /* confdefs.h */
| #define PACKAGE_NAME "atomicparsley"
| #define PACKAGE_TARNAME "atomicparsley"
| #define PACKAGE_VERSION "0.9.6"
| #define PACKAGE_STRING "atomicparsley 0.9.6"
| #define PACKAGE_BUGREPORT "http://bitbucket.org/wez/atomicparsley/issues/new/"
| #define PACKAGE_URL ""
| #define PACKAGE "atomicparsley"
| #define VERSION "0.9.6"
| #define STDC_HEADERS 1
| #define HAVE_SYS_TYPES_H 1
| #define HAVE_SYS_STAT_H 1
| #define HAVE_STDLIB_H 1
| #define HAVE_STRING_H 1
| #define HAVE_MEMORY_H 1
| #define HAVE_STRINGS_H 1
| #define HAVE_INTTYPES_H 1
| #define HAVE_STDINT_H 1
| #define HAVE_UNISTD_H 1
| #define HAVE_DIRENT_H 1
| #define STDC_HEADERS 1
| #define HAVE_SYS_WAIT_H 1
| #define HAVE_FCNTL_H 1
| #define HAVE_INTTYPES_H 1
| #define HAVE_GETOPT_H 1
| #define HAVE_LINUX_CDROM_H 1
| #define HAVE_MATH_H 1
| #define HAVE_SIGNAL_H 1
| #define HAVE_STDDEF_H 1
| #define HAVE_STDINT_H 1
| #define HAVE_STDIO_H 1
| #define HAVE_STDLIB_H 1
| #define HAVE_STRING_H 1
| #define HAVE_SYS_IOCTL_H 1
| #define HAVE_SYS_PARAM_H 1
| #define HAVE_SYS_MOUNT_H 1
| #define HAVE_SYS_STAT_H 1
| #define HAVE_SYS_TYPES_H 1
| #define HAVE_SYS_TIME_H 1
| #define HAVE_TIME_H 1
| #define HAVE_ERRNO_H 1
| #define HAVE_ZLIB_H 1
| #define HAVE_LINUX_CDROM_H 1
| #define HAVE_UNISTD_H 1
| #define HAVE_WCHAR_H 1
| #define HAVE_GETOPT_H 1
| #define HAVE_UNSIGNED_LONG_LONG_INT 1
| #define HAVE_UINTMAX_T 1
| #define HAVE_UINTPTR_T 1
| /* end confdefs.h.  */
| #include <stdio.h>
| #ifdef HAVE_SYS_TYPES_H
| # include <sys/types.h>
| #endif
| #ifdef HAVE_SYS_STAT_H
| # include <sys/stat.h>
| #endif
| #ifdef STDC_HEADERS
| # include <stdlib.h>
| # include <stddef.h>
| #else
| # ifdef HAVE_STDLIB_H
| #  include <stdlib.h>
| # endif
| #endif
| #ifdef HAVE_STRING_H
| # if !defined STDC_HEADERS && defined HAVE_MEMORY_H
| #  include <memory.h>
| # endif
| # include <string.h>
| #endif
| #ifdef HAVE_STRINGS_H
| # include <strings.h>
| #endif
| #ifdef HAVE_INTTYPES_H
| # include <inttypes.h>
| #endif
| #ifdef HAVE_STDINT_H
| # include <stdint.h>
| #endif
| #ifdef HAVE_UNISTD_H
| # include <unistd.h>
| #endif
| 	        enum { N = 16 / 2 - 1 };
| int
| main ()
| {
| static int test_array [1 - 2 * !((int16_t) (((((int16_t) 1 << N) << N) - 1) * 2 + 1)
| 		 < (int16_t) (((((int16_t) 1 << N) << N) - 1) * 2 + 2))];
| test_array [0] = 0;
| return test_array [0];
| 
|   ;
|   return 0;
| }
configure:6068: result: yes
configure:6103: checking for fseeko
configure:6103: gcc -o conftest -g -O2 -Wall   conftest.c  >&5
configure:6103: $? = 0
configure:6103: result: yes
configure:6103: checking for fsetpos
configure:6103: gcc -o conftest -g -O2 -Wall   conftest.c  >&5
configure:6103: $? = 0
configure:6103: result: yes
configure:6103: checking for lroundf
configure:6103: gcc -o conftest -g -O2 -Wall   conftest.c  >&5
conftest.c:76:6: warning: conflicting types for built-in function 'lroundf'; expected 'long int(float)' [-Wbuiltin-declaration-mismatch]
   76 | char lroundf ();
      |      ^~~~~~~
conftest.c:64:1: note: 'lroundf' is declared in header '<math.h>'
   63 | # include <limits.h>
   64 | #else
/usr/bin/ld: /tmp/ccNIAq0a.o: in function `main':
/workspaces/atomicparsley/conftest.c:87: undefined reference to `lroundf'
collect2: error: ld returned 1 exit status
configure:6103: $? = 1
configure: failed program was:
| /* confdefs.h */
| #define PACKAGE_NAME "atomicparsley"
| #define PACKAGE_TARNAME "atomicparsley"
| #define PACKAGE_VERSION "0.9.6"
| #define PACKAGE_STRING "atomicparsley 0.9.6"
| #define PACKAGE_BUGREPORT "http://bitbucket.org/wez/atomicparsley/issues/new/"
| #define PACKAGE_URL ""
| #define PACKAGE "atomicparsley"
| #define VERSION "0.9.6"
| #define STDC_HEADERS 1
| #define HAVE_SYS_TYPES_H 1
| #define HAVE_SYS_STAT_H 1
| #define HAVE_STDLIB_H 1
| #define HAVE_STRING_H 1
| #define HAVE_MEMORY_H 1
| #define HAVE_STRINGS_H 1
| #define HAVE_INTTYPES_H 1
| #define HAVE_STDINT_H 1
| #define HAVE_UNISTD_H 1
| #define HAVE_DIRENT_H 1
| #define STDC_HEADERS 1
| #define HAVE_SYS_WAIT_H 1
| #define HAVE_FCNTL_H 1
| #define HAVE_INTTYPES_H 1
| #define HAVE_GETOPT_H 1
| #define HAVE_LINUX_CDROM_H 1
| #define HAVE_MATH_H 1
| #define HAVE_SIGNAL_H 1
| #define HAVE_STDDEF_H 1
| #define HAVE_STDINT_H 1
| #define HAVE_STDIO_H 1
| #define HAVE_STDLIB_H 1
| #define HAVE_STRING_H 1
| #define HAVE_SYS_IOCTL_H 1
| #define HAVE_SYS_PARAM_H 1
| #define HAVE_SYS_MOUNT_H 1
| #define HAVE_SYS_STAT_H 1
| #define HAVE_SYS_TYPES_H 1
| #define HAVE_SYS_TIME_H 1
| #define HAVE_TIME_H 1
| #define HAVE_ERRNO_H 1
| #define HAVE_ZLIB_H 1
| #define HAVE_LINUX_CDROM_H 1
| #define HAVE_UNISTD_H 1
| #define HAVE_WCHAR_H 1
| #define HAVE_GETOPT_H 1
| #define HAVE_UNSIGNED_LONG_LONG_INT 1
| #define HAVE_UINTMAX_T 1
| #define HAVE_UINTPTR_T 1
| #define HAVE_FSEEKO 1
| #define HAVE_FSETPOS 1
| /* end confdefs.h.  */
| /* Define lroundf to an innocuous variant, in case <limits.h> declares lroundf.
|    For example, HP-UX 11i <limits.h> declares gettimeofday.  */
| #define lroundf innocuous_lroundf
| 
| /* System header to define __stub macros and hopefully few prototypes,
|     which can conflict with char lroundf (); below.
|     Prefer <limits.h> to <assert.h> if __STDC__ is defined, since
|     <limits.h> exists even on freestanding compilers.  */
| 
| #ifdef __STDC__
| # include <limits.h>
| #else
| # include <assert.h>
| #endif
| 
| #undef lroundf
| 
| /* Override any GCC internal prototype to avoid an error.
|    Use char because int might match the return type of a GCC
|    builtin and then its argument prototype would still apply.  */
| #ifdef __cplusplus
| extern "C"
| #endif
| char lroundf ();
| /* The GNU C library defines this for functions which it implements
|     to always fail with ENOSYS.  Some functions are actually named
|     something starting with __ and the normal name is an alias.  */
| #if defined __stub_lroundf || defined __stub___lroundf
| choke me
| #endif
| 
| int
| main ()
| {
| return lroundf ();
|   ;
|   return 0;
| }
configure:6103: result: no
configure:6103: checking for memset
configure:6103: gcc -o conftest -g -O2 -Wall   conftest.c  >&5
conftest.c:76:6: warning: conflicting types for built-in function 'memset'; expected 'void *(void *, int,  long unsigned int)' [-Wbuiltin-declaration-mismatch]
   76 | char memset ();
      |      ^~~~~~
conftest.c:64:1: note: 'memset' is declared in header '<string.h>'
   63 | # include <limits.h>
   64 | #else
configure:6103: $? = 0
configure:6103: result: yes
configure:6103: checking for memcmp
configure:6103: gcc -o conftest -g -O2 -Wall   conftest.c  >&5
conftest.c:77:6: warning: conflicting types for built-in function 'memcmp'; expected 'int(const void *, const void *, long unsigned int)' [-Wbuiltin-declaration-mismatch]
   77 | char memcmp ();
      |      ^~~~~~
conftest.c:65:1: note: 'memcmp' is declared in header '<string.h>'
   64 | # include <limits.h>
   65 | #else
configure:6103: $? = 0
configure:6103: result: yes
configure:6103: checking for remove
configure:6103: gcc -o conftest -g -O2 -Wall   conftest.c  >&5
configure:6103: $? = 0
configure:6103: result: yes
configure:6103: checking for rename
configure:6103: gcc -o conftest -g -O2 -Wall   conftest.c  >&5
configure:6103: $? = 0
configure:6103: result: yes
configure:6103: checking for sranddev
configure:6103: gcc -o conftest -g -O2 -Wall   conftest.c  >&5
/usr/bin/ld: /tmp/ccSH9PUN.o: in function `main':
/workspaces/atomicparsley/conftest.c:91: undefined reference to `sranddev'
collect2: error: ld returned 1 exit status
configure:6103: $? = 1
configure: failed program was:
| /* confdefs.h */
| #define PACKAGE_NAME "atomicparsley"
| #define PACKAGE_TARNAME "atomicparsley"
| #define PACKAGE_VERSION "0.9.6"
| #define PACKAGE_STRING "atomicparsley 0.9.6"
| #define PACKAGE_BUGREPORT "http://bitbucket.org/wez/atomicparsley/issues/new/"
| #define PACKAGE_URL ""
| #define PACKAGE "atomicparsley"
| #define VERSION "0.9.6"
| #define STDC_HEADERS 1
| #define HAVE_SYS_TYPES_H 1
| #define HAVE_SYS_STAT_H 1
| #define HAVE_STDLIB_H 1
| #define HAVE_STRING_H 1
| #define HAVE_MEMORY_H 1
| #define HAVE_STRINGS_H 1
| #define HAVE_INTTYPES_H 1
| #define HAVE_STDINT_H 1
| #define HAVE_UNISTD_H 1
| #define HAVE_DIRENT_H 1
| #define STDC_HEADERS 1
| #define HAVE_SYS_WAIT_H 1
| #define HAVE_FCNTL_H 1
| #define HAVE_INTTYPES_H 1
| #define HAVE_GETOPT_H 1
| #define HAVE_LINUX_CDROM_H 1
| #define HAVE_MATH_H 1
| #define HAVE_SIGNAL_H 1
| #define HAVE_STDDEF_H 1
| #define HAVE_STDINT_H 1
| #define HAVE_STDIO_H 1
| #define HAVE_STDLIB_H 1
| #define HAVE_STRING_H 1
| #define HAVE_SYS_IOCTL_H 1
| #define HAVE_SYS_PARAM_H 1
| #define HAVE_SYS_MOUNT_H 1
| #define HAVE_SYS_STAT_H 1
| #define HAVE_SYS_TYPES_H 1
| #define HAVE_SYS_TIME_H 1
| #define HAVE_TIME_H 1
| #define HAVE_ERRNO_H 1
| #define HAVE_ZLIB_H 1
| #define HAVE_LINUX_CDROM_H 1
| #define HAVE_UNISTD_H 1
| #define HAVE_WCHAR_H 1
| #define HAVE_GETOPT_H 1
| #define HAVE_UNSIGNED_LONG_LONG_INT 1
| #define HAVE_UINTMAX_T 1
| #define HAVE_UINTPTR_T 1
| #define HAVE_FSEEKO 1
| #define HAVE_FSETPOS 1
| #define HAVE_MEMSET 1
| #define HAVE_MEMCMP 1
| #define HAVE_REMOVE 1
| #define HAVE_RENAME 1
| /* end confdefs.h.  */
| /* Define sranddev to an innocuous variant, in case <limits.h> declares sranddev.
|    For example, HP-UX 11i <limits.h> declares gettimeofday.  */
| #define sranddev innocuous_sranddev
| 
| /* System header to define __stub macros and hopefully few prototypes,
|     which can conflict with char sranddev (); below.
|     Prefer <limits.h> to <assert.h> if __STDC__ is defined, since
|     <limits.h> exists even on freestanding compilers.  */
| 
| #ifdef __STDC__
| # include <limits.h>
| #else
| # include <assert.h>
| #endif
| 
| #undef sranddev
| 
| /* Override any GCC internal prototype to avoid an error.
|    Use char because int might match the return type of a GCC
|    builtin and then its argument prototype would still apply.  */
| #ifdef __cplusplus
| extern "C"
| #endif
| char sranddev ();
| /* The GNU C library defines this for functions which it implements
|     to always fail with ENOSYS.  Some functions are actually named
|     something starting with __ and the normal name is an alias.  */
| #if defined __stub_sranddev || defined __stub___sranddev
| choke me
| #endif
| 
| int
| main ()
| {
| return sranddev ();
|   ;
|   return 0;
| }
configure:6103: result: no
configure:6103: checking for sscanf
configure:6103: gcc -o conftest -g -O2 -Wall   conftest.c  >&5
conftest.c:80:6: warning: conflicting types for built-in function 'sscanf'; expected 'int(const char *, const char *, ...)' [-Wbuiltin-declaration-mismatch]
   80 | char sscanf ();
      |      ^~~~~~
conftest.c:68:1: note: 'sscanf' is declared in header '<stdio.h>'
   67 | # include <limits.h>
   68 | #else
configure:6103: $? = 0
configure:6103: result: yes
configure:6103: checking for strdup
configure:6103: gcc -o conftest -g -O2 -Wall   conftest.c  >&5
conftest.c:81:6: warning: conflicting types for built-in function 'strdup'; expected 'char *(const char *)' [-Wbuiltin-declaration-mismatch]
   81 | char strdup ();
      |      ^~~~~~
configure:6103: $? = 0
configure:6103: result: yes
configure:6103: checking for strerror
configure:6103: gcc -o conftest -g -O2 -Wall   conftest.c  >&5
configure:6103: $? = 0
configure:6103: result: yes
configure:6103: checking for strftime
configure:6103: gcc -o conftest -g -O2 -Wall   conftest.c  >&5
conftest.c:83:6: warning: conflicting types for built-in function 'strftime'; expected 'long unsigned int(char *, long unsigned int,  const char *, const void *)' [-Wbuiltin-declaration-mismatch]
   83 | char strftime ();
      |      ^~~~~~~~
conftest.c:71:1: note: 'strftime' is declared in header '<time.h>'
   70 | # include <limits.h>
   71 | #else
configure:6103: $? = 0
configure:6103: result: yes
configure:6103: checking for strncmp
configure:6103: gcc -o conftest -g -O2 -Wall   conftest.c  >&5
conftest.c:84:6: warning: conflicting types for built-in function 'strncmp'; expected 'int(const char *, const char *, long unsigned int)' [-Wbuiltin-declaration-mismatch]
   84 | char strncmp ();
      |      ^~~~~~~
conftest.c:72:1: note: 'strncmp' is declared in header '<string.h>'
   71 | # include <limits.h>
   72 | #else
configure:6103: $? = 0
configure:6103: result: yes
configure:6103: checking for strncasecmp
configure:6103: gcc -o conftest -g -O2 -Wall   conftest.c  >&5
conftest.c:85:6: warning: conflicting types for built-in function 'strncasecmp'; expected 'int(const char *, const char *, long unsigned int)' [-Wbuiltin-declaration-mismatch]
   85 | char strncasecmp ();
      |      ^~~~~~~~~~~
configure:6103: $? = 0
configure:6103: result: yes
configure:6103: checking for strrchr
configure:6103: gcc -o conftest -g -O2 -Wall   conftest.c  >&5
conftest.c:86:6: warning: conflicting types for built-in function 'strrchr'; expected 'char *(const char *, int)' [-Wbuiltin-declaration-mismatch]
   86 | char strrchr ();
      |      ^~~~~~~
conftest.c:74:1: note: 'strrchr' is declared in header '<string.h>'
   73 | # include <limits.h>
   74 | #else
configure:6103: $? = 0
configure:6103: result: yes
configure:6103: checking for strsep
configure:6103: gcc -o conftest -g -O2 -Wall   conftest.c  >&5
configure:6103: $? = 0
configure:6103: result: yes
configure:6103: checking for strstr
configure:6103: gcc -o conftest -g -O2 -Wall   conftest.c  >&5
conftest.c:88:6: warning: conflicting types for built-in function 'strstr'; expected 'char *(const char *, const char *)' [-Wbuiltin-declaration-mismatch]
   88 | char strstr ();
      |      ^~~~~~
conftest.c:76:1: note: 'strstr' is declared in header '<string.h>'
   75 | # include <limits.h>
   76 | #else
configure:6103: $? = 0
configure:6103: result: yes
configure:6103: checking for strtol
configure:6103: gcc -o conftest -g -O2 -Wall   conftest.c  >&5
configure:6103: $? = 0
configure:6103: result: yes
configure:6103: checking for wmemset
configure:6103: gcc -o conftest -g -O2 -Wall   conftest.c  >&5
configure:6103: $? = 0
configure:6103: result: yes
configure:6115: checking for stdlib.h
configure:6115: result: yes
configure:6125: checking for GNU libc compatible malloc
configure:6149: gcc -o conftest -g -O2 -Wall   conftest.c  >&5
configure:6149: $? = 0
configure:6149: ./conftest
configure:6149: $? = 0
configure:6159: result: yes
configure:6181: checking for deflateEnd in -lz
configure:6206: gcc -o conftest -g -O2 -Wall   conftest.c -lz   >&5
configure:6206: $? = 0
configure:6215: result: yes
configure:6378: checking that generated files are newer than configure
configure:6384: result: done
configure:6412: creating ./config.status

## ---------------------- ##
## Running config.status. ##
## ---------------------- ##

This file was extended by atomicparsley config.status 0.9.6, which was
generated by GNU Autoconf 2.69.  Invocation command line was

  CONFIG_FILES    = 
  CONFIG_HEADERS  = 
  CONFIG_LINKS    = 
  CONFIG_COMMANDS = 
  $ ./config.status 

on codespaces-eba88b

config.status:909: creating Makefile
config.status:909: creating src/config.h

## ---------------- ##
## Cache variables. ##
## ---------------- ##

ac_cv_build=x86_64-pc-linux-gnu
ac_cv_c_bigendian=no
ac_cv_c_compiler_gnu=yes
ac_cv_c_const=yes
ac_cv_c_int16_t=yes
ac_cv_c_uint16_t=yes
ac_cv_c_uint32_t=yes
ac_cv_c_uint64_t=yes
ac_cv_c_uint8_t=yes
ac_cv_cxx_compiler_gnu=yes
ac_cv_env_CCC_set=
ac_cv_env_CCC_value=
ac_cv_env_CC_set=
ac_cv_env_CC_value=
ac_cv_env_CFLAGS_set=
ac_cv_env_CFLAGS_value=
ac_cv_env_CPPFLAGS_set=
ac_cv_env_CPPFLAGS_value=
ac_cv_env_CPP_set=
ac_cv_env_CPP_value=
ac_cv_env_CXXFLAGS_set=
ac_cv_env_CXXFLAGS_value=
ac_cv_env_CXX_set=
ac_cv_env_CXX_value=
ac_cv_env_LDFLAGS_set=
ac_cv_env_LDFLAGS_value=
ac_cv_env_LIBS_set=
ac_cv_env_LIBS_value=
ac_cv_env_OBJCFLAGS_set=
ac_cv_env_OBJCFLAGS_value=
ac_cv_env_OBJCXXFLAGS_set=
ac_cv_env_OBJCXXFLAGS_value=
ac_cv_env_OBJCXX_set=
ac_cv_env_OBJCXX_value=
ac_cv_env_OBJC_set=
ac_cv_env_OBJC_value=
ac_cv_env_build_alias_set=
ac_cv_env_build_alias_value=
ac_cv_env_host_alias_set=
ac_cv_env_host_alias_value=
ac_cv_env_target_alias_set=
ac_cv_env_target_alias_value=
ac_cv_func_fseeko=yes
ac_cv_func_fsetpos=yes
ac_cv_func_lroundf=no
ac_cv_func_malloc_0_nonnull=yes
ac_cv_func_memcmp=yes
ac_cv_func_memset=yes
ac_cv_func_remove=yes
ac_cv_func_rename=yes
ac_cv_func_sranddev=no
ac_cv_func_sscanf=yes
ac_cv_func_strdup=yes
ac_cv_func_strerror=yes
ac_cv_func_strftime=yes
ac_cv_func_strncasecmp=yes
ac_cv_func_strncmp=yes
ac_cv_func_strrchr=yes
ac_cv_func_strsep=yes
ac_cv_func_strstr=yes
ac_cv_func_strtol=yes
ac_cv_func_wmemset=yes
ac_cv_header_dirent_dirent_h=yes
ac_cv_header_errno_h=yes
ac_cv_header_fcntl_h=yes
ac_cv_header_getopt_h=yes
ac_cv_header_inttypes_h=yes
ac_cv_header_io_h=no
ac_cv_header_linux_cdrom_h=yes
ac_cv_header_math_h=yes
ac_cv_header_memory_h=yes
ac_cv_header_signal_h=yes
ac_cv_header_stdc=yes
ac_cv_header_stddef_h=yes
ac_cv_header_stdint_h=yes
ac_cv_header_stdio_h=yes
ac_cv_header_stdlib_h=yes
ac_cv_header_string_h=yes
ac_cv_header_strings_h=yes
ac_cv_header_sys_ioctl_h=yes
ac_cv_header_sys_mount_h=yes
ac_cv_header_sys_param_h=yes
ac_cv_header_sys_stat_h=yes
ac_cv_header_sys_time_h=yes
ac_cv_header_sys_types_h=yes
ac_cv_header_sys_wait_h=yes
ac_cv_header_time_h=yes
ac_cv_header_unistd_h=yes
ac_cv_header_wchar_h=yes
ac_cv_header_windows_h=no
ac_cv_header_zlib_h=yes
ac_cv_host=x86_64-pc-linux-gnu
ac_cv_lib_z_deflateEnd=yes
ac_cv_objc_compiler_gnu=no
ac_cv_objcxx_compiler_gnu=no
ac_cv_objext=o
ac_cv_path_EGREP='/usr/bin/grep -E'
ac_cv_path_GREP=/usr/bin/grep
ac_cv_path_install='/usr/bin/install -c'
ac_cv_path_mkdir=/usr/bin/mkdir
ac_cv_prog_AWK=gawk
ac_cv_prog_CPP='gcc -E'
ac_cv_prog_ac_ct_CC=gcc
ac_cv_prog_ac_ct_CXX=g++
ac_cv_prog_ac_ct_OBJC=gcc
ac_cv_prog_ac_ct_OBJCXX=g++
ac_cv_prog_cc_c89=
ac_cv_prog_cc_g=yes
ac_cv_prog_cxx_g=yes
ac_cv_prog_make_make_set=yes
ac_cv_prog_objc_g=no
ac_cv_prog_objcxx_g=no
ac_cv_search_opendir='none required'
ac_cv_type_size_t=yes
ac_cv_type_ssize_t=yes
ac_cv_type_uintmax_t=yes
ac_cv_type_uintptr_t=yes
ac_cv_type_unsigned_long_long_int=yes
am_cv_make_support_nested_variables=yes
am_cv_prog_cc_c_o=yes

## ----------------- ##
## Output variables. ##
## ----------------- ##

ACLOCAL='${SHELL} /workspaces/atomicparsley/missing aclocal-1.16'
AMTAR='$${TAR-tar}'
AM_BACKSLASH='\'
AM_DEFAULT_V='$(AM_DEFAULT_VERBOSITY)'
AM_DEFAULT_VERBOSITY='1'
AM_V='$(V)'
AP_64_ARCH=''
AP_CROSS_ARCH=''
AP_NATIVE_ARCH=''
AUTOCONF='${SHELL} /workspaces/atomicparsley/missing autoconf'
AUTOHEADER='${SHELL} /workspaces/atomicparsley/missing autoheader'
AUTOMAKE='${SHELL} /workspaces/atomicparsley/missing automake-1.16'
AWK='gawk'
CC='gcc'
CFLAGS='-D_FILE_OFFSET_BITS=64 -g -O2 -Wall'
CPP='gcc -E'
CPPFLAGS=''
CXX='g++'
CXXFLAGS='-D_FILE_OFFSET_BITS=64 -g -O2 -Wall'
CYGPATH_W='echo'
DARWIN_FALSE=''
DARWIN_TRUE='#'
DEFS='-DHAVE_CONFIG_H'
ECHO_C=''
ECHO_N='-n'
ECHO_T=''
EGREP='/usr/bin/grep -E'
EXEEXT=''
GREP='/usr/bin/grep'
HAVE_DARWIN_PLATFORM='false'
HAVE_GETOPT_H='1'
HAVE_LIBZ='1'
INSTALL_DATA='${INSTALL} -m 644'
INSTALL_PROGRAM='${INSTALL}'
INSTALL_SCRIPT='${INSTALL}'
INSTALL_STRIP_PROGRAM='$(install_sh) -c -s'
LDFLAGS=''
LIBOBJS=''
LIBS=' -lz'
LTLIBOBJS=''
MAKEINFO='${SHELL} /workspaces/atomicparsley/missing makeinfo'
MKDIR_P='/usr/bin/mkdir -p'
NEED_GETOPT_FALSE=''
NEED_GETOPT_TRUE='#'
OBJC='gcc'
OBJCFLAGS=''
OBJCXX='g++'
OBJCXXFLAGS=''
OBJEXT='o'
PACKAGE='atomicparsley'
PACKAGE_BUGREPORT='http://bitbucket.org/wez/atomicparsley/issues/new/'
PACKAGE_NAME='atomicparsley'
PACKAGE_STRING='atomicparsley 0.9.6'
PACKAGE_TARNAME='atomicparsley'
PACKAGE_URL=''
PACKAGE_VERSION='0.9.6'
PATH_SEPARATOR=':'
SET_MAKE=''
SHELL='/bin/bash'
STRIP=''
UNIVERSAL_FALSE=''
UNIVERSAL_FLAGS=''
UNIVERSAL_TRUE='#'
VERSION='0.9.6'
ac_ct_CC='gcc'
ac_ct_CXX='g++'
ac_ct_OBJC='gcc'
ac_ct_OBJCXX='g++'
am__EXEEXT_FALSE=''
am__EXEEXT_TRUE='#'
am__isrc=''
am__leading_dot='.'
am__tar='$${TAR-tar} chof - "$$tardir"'
am__untar='$${TAR-tar} xf -'
bindir='${exec_prefix}/bin'
build='x86_64-pc-linux-gnu'
build_alias=''
build_cpu='x86_64'
build_os='linux-gnu'
build_vendor='pc'
datadir='${datarootdir}'
datarootdir='${prefix}/share'
debug='no'
docdir='${datarootdir}/doc/${PACKAGE_TARNAME}'
dvidir='${docdir}'
exec_prefix='${prefix}'
host='x86_64-pc-linux-gnu'
host_alias=''
host_cpu='x86_64'
host_os='linux-gnu'
host_vendor='pc'
htmldir='${docdir}'
includedir='${prefix}/include'
infodir='${datarootdir}/info'
install_sh='${SHELL} /workspaces/atomicparsley/install-sh'
libdir='${exec_prefix}/lib'
libexecdir='${exec_prefix}/libexec'
localedir='${datarootdir}/locale'
localstatedir='${prefix}/var'
mandir='${datarootdir}/man'
mkdir_p='$(MKDIR_P)'
oldincludedir='/usr/include'
pdfdir='${docdir}'
prefix='/usr/local'
program_transform_name='s,x,x,'
psdir='${docdir}'
runstatedir='${localstatedir}/run'
sbindir='${exec_prefix}/sbin'
sharedstatedir='${prefix}/com'
sysconfdir='${prefix}/etc'
target_alias=''
universal='no'

## ----------- ##
## confdefs.h. ##
## ----------- ##

/* confdefs.h */
#define PACKAGE_NAME "atomicparsley"
#define PACKAGE_TARNAME "atomicparsley"
#define PACKAGE_VERSION "0.9.6"
#define PACKAGE_STRING "atomicparsley 0.9.6"
#define PACKAGE_BUGREPORT "http://bitbucket.org/wez/atomicparsley/issues/new/"
#define PACKAGE_URL ""
#define PACKAGE "atomicparsley"
#define VERSION "0.9.6"
#define STDC_HEADERS 1
#define HAVE_SYS_TYPES_H 1
#define HAVE_SYS_STAT_H 1
#define HAVE_STDLIB_H 1
#define HAVE_STRING_H 1
#define HAVE_MEMORY_H 1
#define HAVE_STRINGS_H 1
#define HAVE_INTTYPES_H 1
#define HAVE_STDINT_H 1
#define HAVE_UNISTD_H 1
#define HAVE_DIRENT_H 1
#define STDC_HEADERS 1
#define HAVE_SYS_WAIT_H 1
#define HAVE_FCNTL_H 1
#define HAVE_INTTYPES_H 1
#define HAVE_GETOPT_H 1
#define HAVE_LINUX_CDROM_H 1
#define HAVE_MATH_H 1
#define HAVE_SIGNAL_H 1
#define HAVE_STDDEF_H 1
#define HAVE_STDINT_H 1
#define HAVE_STDIO_H 1
#define HAVE_STDLIB_H 1
#define HAVE_STRING_H 1
#define HAVE_SYS_IOCTL_H 1
#define HAVE_SYS_PARAM_H 1
#define HAVE_SYS_MOUNT_H 1
#define HAVE_SYS_STAT_H 1
#define HAVE_SYS_TYPES_H 1
#define HAVE_SYS_TIME_H 1
#define HAVE_TIME_H 1
#define HAVE_ERRNO_H 1
#define HAVE_ZLIB_H 1
#define HAVE_LINUX_CDROM_H 1
#define HAVE_UNISTD_H 1
#define HAVE_WCHAR_H 1
#define HAVE_GETOPT_H 1
#define HAVE_UNSIGNED_LONG_LONG_INT 1
#define HAVE_UINTMAX_T 1
#define HAVE_UINTPTR_T 1
#define HAVE_FSEEKO 1
#define HAVE_FSETPOS 1
#define HAVE_MEMSET 1
#define HAVE_MEMCMP 1
#define HAVE_REMOVE 1
#define HAVE_RENAME 1
#define HAVE_SSCANF 1
#define HAVE_STRDUP 1
#define HAVE_STRERROR 1
#define HAVE_STRFTIME 1
#define HAVE_STRNCMP 1
#define HAVE_STRNCASECMP 1
#define HAVE_STRRCHR 1
#define HAVE_STRSEP 1
#define HAVE_STRSTR 1
#define HAVE_STRTOL 1
#define HAVE_WMEMSET 1
#define HAVE_STDLIB_H 1
#define HAVE_MALLOC 1

configure: exit 0
